# JRE version: OpenJDK Runtime Environment Microsoft-8035250 (11.0.20+8) (build 11.0.20+8-LTS)
# Java VM: OpenJDK 64-Bit Server VM Microsoft-8035250 (11.0.20+8-LTS, mixed mode, tiered, compressed oops, g1 gc, windows-amd64)
Heap:
 garbage-first heap   total 579584K, used 359424K [0x0000000080000000, 0x0000000100000000)
  region size 1024K, 66 young (67584K), 12 survivors (12288K)
 Metaspace       used 124478K, capacity 130600K, committed 130768K, reserved 628736K
  class space    used 16114K, capacity 18277K, committed 18304K, reserved 516096K
GC Heap History (20 events):
Event: 186.031 GC heap before
{Heap before GC invocations=70 (full 0):
 garbage-first heap   total 310272K, used 281600K [0x0000000080000000, 0x0000000100000000)
  region size 1024K, 15 young (15360K), 2 survivors (2048K)
 Metaspace       used 119180K, capacity 125052K, committed 125392K, reserved 624640K
  class space    used 15579K, capacity 17691K, committed 17792K, reserved 516096K
}
Event: 186.036 GC heap after
{Heap after GC invocations=71 (full 0):
 garbage-first heap   total 310272K, used 268814K [0x0000000080000000, 0x0000000100000000)
  region size 1024K, 2 young (2048K), 2 survivors (2048K)
 Metaspace       used 119180K, capacity 125052K, committed 125392K, reserved 624640K
  class space    used 15579K, capacity 17691K, committed 17792K, reserved 516096K
}
Event: 186.284 GC heap before
{Heap before GC invocations=71 (full 0):
 garbage-first heap   total 310272K, used 282126K [0x0000000080000000, 0x0000000100000000)
  region size 1024K, 15 young (15360K), 2 survivors (2048K)
 Metaspace       used 119143K, capacity 124989K, committed 125392K, reserved 624640K
  class space    used 15567K, capacity 17669K, committed 17792K, reserved 516096K
}
Event: 186.291 GC heap after
{Heap after GC invocations=72 (full 0):
 garbage-first heap   total 372736K, used 269361K [0x0000000080000000, 0x0000000100000000)
  region size 1024K, 2 young (2048K), 2 survivors (2048K)
 Metaspace       used 119143K, capacity 124989K, committed 125392K, reserved 624640K
  class space    used 15567K, capacity 17669K, committed 17792K, reserved 516096K
}
Event: 187.380 GC heap before
{Heap before GC invocations=73 (full 0):
 garbage-first heap   total 372736K, used 323633K [0x0000000080000000, 0x0000000100000000)
  region size 1024K, 48 young (49152K), 2 survivors (2048K)
 Metaspace       used 119405K, capacity 125323K, committed 125392K, reserved 624640K
  class space    used 15586K, capacity 17723K, committed 17792K, reserved 516096K
}
Event: 187.394 GC heap after
{Heap after GC invocations=74 (full 0):
 garbage-first heap   total 372736K, used 273787K [0x0000000080000000, 0x0000000100000000)
  region size 1024K, 6 young (6144K), 6 survivors (6144K)
 Metaspace       used 119405K, capacity 125323K, committed 125392K, reserved 624640K
  class space    used 15586K, capacity 17723K, committed 17792K, reserved 516096K
}
Event: 187.549 GC heap before
{Heap before GC invocations=74 (full 0):
 garbage-first heap   total 372736K, used 285051K [0x0000000080000000, 0x0000000100000000)
  region size 1024K, 18 young (18432K), 6 survivors (6144K)
 Metaspace       used 119436K, capacity 125335K, committed 125648K, reserved 624640K
  class space    used 15590K, capacity 17725K, committed 17792K, reserved 516096K
}
Event: 187.587 GC heap after
{Heap after GC invocations=75 (full 0):
 garbage-first heap   total 372736K, used 263994K [0x0000000080000000, 0x0000000100000000)
  region size 1024K, 3 young (3072K), 3 survivors (3072K)
 Metaspace       used 119436K, capacity 125335K, committed 125648K, reserved 624640K
  class space    used 15590K, capacity 17725K, committed 17792K, reserved 516096K
}
Event: 188.372 GC heap before
{Heap before GC invocations=75 (full 0):
 garbage-first heap   total 372736K, used 320314K [0x0000000080000000, 0x0000000100000000)
  region size 1024K, 51 young (52224K), 3 survivors (3072K)
 Metaspace       used 119487K, capacity 125433K, committed 125648K, reserved 624640K
  class space    used 15596K, capacity 17736K, committed 17792K, reserved 516096K
}
Event: 188.388 GC heap after
{Heap after GC invocations=76 (full 0):
 garbage-first heap   total 372736K, used 269824K [0x0000000080000000, 0x0000000100000000)
  region size 1024K, 7 young (7168K), 7 survivors (7168K)
 Metaspace       used 119487K, capacity 125433K, committed 125648K, reserved 624640K
  class space    used 15596K, capacity 17736K, committed 17792K, reserved 516096K
}
Event: 189.046 GC heap before
{Heap before GC invocations=76 (full 0):
 garbage-first heap   total 372736K, used 318976K [0x0000000080000000, 0x0000000100000000)
  region size 1024K, 52 young (53248K), 7 survivors (7168K)
 Metaspace       used 119498K, capacity 125434K, committed 125648K, reserved 624640K
  class space    used 15597K, capacity 17736K, committed 17792K, reserved 516096K
}
Event: 189.066 GC heap after
{Heap after GC invocations=77 (full 0):
 garbage-first heap   total 579584K, used 274309K [0x0000000080000000, 0x0000000100000000)
  region size 1024K, 6 young (6144K), 6 survivors (6144K)
 Metaspace       used 119498K, capacity 125434K, committed 125648K, reserved 624640K
  class space    used 15597K, capacity 17736K, committed 17792K, reserved 516096K
}
Event: 190.647 GC heap before
{Heap before GC invocations=77 (full 0):
 garbage-first heap   total 579584K, used 373637K [0x0000000080000000, 0x0000000100000000)
  region size 1024K, 100 young (102400K), 6 survivors (6144K)
 Metaspace       used 119695K, capacity 125688K, committed 125904K, reserved 624640K
  class space    used 15616K, capacity 17762K, committed 17792K, reserved 516096K
}
Event: 190.666 GC heap after
{Heap after GC invocations=78 (full 0):
 garbage-first heap   total 579584K, used 280104K [0x0000000080000000, 0x0000000100000000)
  region size 1024K, 12 young (12288K), 12 survivors (12288K)
 Metaspace       used 119695K, capacity 125688K, committed 125904K, reserved 624640K
  class space    used 15616K, capacity 17762K, committed 17792K, reserved 516096K
}
Event: 193.093 GC heap before
{Heap before GC invocations=78 (full 0):
 garbage-first heap   total 579584K, used 410152K [0x0000000080000000, 0x0000000100000000)
  region size 1024K, 140 young (143360K), 12 survivors (12288K)
 Metaspace       used 120681K, capacity 126623K, committed 126800K, reserved 626688K
  class space    used 15736K, capacity 17882K, committed 17920K, reserved 516096K
}
Event: 193.125 GC heap after
{Heap after GC invocations=79 (full 0):
 garbage-first heap   total 579584K, used 290231K [0x0000000080000000, 0x0000000100000000)
  region size 1024K, 18 young (18432K), 18 survivors (18432K)
 Metaspace       used 120681K, capacity 126623K, committed 126800K, reserved 626688K
  class space    used 15736K, capacity 17882K, committed 17920K, reserved 516096K
}
Event: 195.020 GC heap before
{Heap before GC invocations=79 (full 0):
 garbage-first heap   total 579584K, used 467383K [0x0000000080000000, 0x0000000100000000)
  region size 1024K, 180 young (184320K), 18 survivors (18432K)
 Metaspace       used 120730K, capacity 126706K, committed 126800K, reserved 626688K
  class space    used 15740K, capacity 17887K, committed 17920K, reserved 516096K
}
Event: 195.063 GC heap after
{Heap after GC invocations=80 (full 0):
 garbage-first heap   total 579584K, used 298607K [0x0000000080000000, 0x0000000100000000)
  region size 1024K, 13 young (13312K), 13 survivors (13312K)
 Metaspace       used 120730K, capacity 126706K, committed 126800K, reserved 626688K
  class space    used 15740K, capacity 17887K, committed 17920K, reserved 516096K
}
Event: 207.964 GC heap before
{Heap before GC invocations=80 (full 0):
 garbage-first heap   total 579584K, used 471662K [0x0000000080000000, 0x0000000100000000)
  region size 1024K, 175 young (179200K), 13 survivors (13312K)
 Metaspace       used 122450K, capacity 128500K, committed 128848K, reserved 628736K
  class space    used 15891K, capacity 18072K, committed 18176K, reserved 516096K
}
Event: 207.996 GC heap after
{Heap after GC invocations=81 (full 0):
 garbage-first heap   total 579584K, used 306176K [0x0000000080000000, 0x0000000100000000)
  region size 1024K, 12 young (12288K), 12 survivors (12288K)
 Metaspace       used 122450K, capacity 128500K, committed 128848K, reserved 628736K
  class space    used 15891K, capacity 18072K, committed 18176K, reserved 516096K
}

